Mplus VERSION 8.4
MUTHEN & MUTHEN
03/01/2020   9:34 AM

INPUT INSTRUCTIONS


    !This is for the Marker-8 approach (latent standardization based on the last item).
    !x.4 was chosen as the marker variable.
    !The loading and the intercept of this item was fixed at 1.265 and 1.5, respectively.
    !"item_level_data.txt" contains means and the covariance matrix shown in Table 1

    DATA: FILE=item_level_data.txt;
    NOBSERVATIONS = 1000000;! this sample size is chosen to approximate population.
    TYPE IS COVARIANCE MEANS;

    VARIABLE:
    names =
          x11 x12 x13 x14
          x21 x22 x23 x24
          x31 x32 x33 x34
          x41 x42 x43 x44;
    USEVARIABLES = ALL;

    Analysis:
      Estimator=ML;

    MODEL:

       eta1 by x11*(lambda1)
               x12(lambda2)
               x13(lambda3)
               x14@1.265;
       eta2 by x21*(lambda1)
               x22(lambda2)
               x23(lambda3)
               x24@1.265;
       eta3 by x31*(lambda1)
               x32(lambda2)
               x33(lambda3)
               x34@1.265;
       eta4 by x41*(lambda1)
               x42(lambda2)
               x43(lambda3)
               x44@1.265;

    [x11](tau1);[x21](tau1);[x31](tau1);[x41](tau1);
    [x12](tau2);[x22](tau2);[x32](tau2);[x42](tau2);
    [x13](tau3);[x23](tau3);[x33](tau3);[x43](tau3);
    [x14@1.5];[x24@1.5];[x34@1.5];[x44@1.5];

    [eta1-eta4@0];

    level by eta1-eta4@1;
    slope by eta1@0 eta2@1 eta3@2 eta4@3;
    [level];[slope];
    level with slope;

    Output: stdyx tech4





INPUT READING TERMINATED NORMALLY




SUMMARY OF ANALYSIS

Number of groups                                                 1
Number of observations                                     1000000

Number of dependent variables                                   16
Number of independent variables                                  0
Number of continuous latent variables                            6

Observed dependent variables

  Continuous
   X11         X12         X13         X14         X21         X22
   X23         X24         X31         X32         X33         X34
   X41         X42         X43         X44

Continuous latent variables
   ETA1        ETA2        ETA3        ETA4        LEVEL       SLOPE


Estimator                                                       ML
Information matrix                                        EXPECTED
Maximum number of iterations                                  1000
Convergence criterion                                    0.500D-04
Maximum number of steepest descent iterations                   20

Input data file(s)
  item_level_data.txt

Input data format  FREE



THE MODEL ESTIMATION TERMINATED NORMALLY



MODEL FIT INFORMATION

Number of Free Parameters                       31

Loglikelihood

          H0 Value                   -23423224.993
          H1 Value                   -23423224.993

Information Criteria

          Akaike (AIC)                46846511.986
          Bayesian (BIC)              46846878.267
          Sample-Size Adjusted BIC    46846779.747
            (n* = (n + 2) / 24)

Chi-Square Test of Model Fit

          Value                              0.000
          Degrees of Freedom                   121
          P-Value                           1.0000

RMSEA (Root Mean Square Error Of Approximation)

          Estimate                           0.000
          90 Percent C.I.                    0.000  0.000
          Probability RMSEA <= .05           1.000

CFI/TLI

          CFI                                1.000
          TLI                                1.000

Chi-Square Test of Model Fit for the Baseline Model

          Value                       10276880.768
          Degrees of Freedom                   120
          P-Value                           0.0000

SRMR (Standardized Root Mean Square Residual)

          Value                              0.000



MODEL RESULTS

                                                    Two-Tailed
                    Estimate       S.E.  Est./S.E.    P-Value

 ETA1     BY
    X11                0.949      0.000   2348.612      0.000
    X12                0.949      0.000   2348.612      0.000
    X13                1.265      0.000   2812.256      0.000
    X14                1.265      0.000    999.000    999.000

 ETA2     BY
    X21                0.949      0.000   2348.612      0.000
    X22                0.949      0.000   2348.612      0.000
    X23                1.265      0.000   2812.256      0.000
    X24                1.265      0.000    999.000    999.000

 ETA3     BY
    X31                0.949      0.000   2348.612      0.000
    X32                0.949      0.000   2348.612      0.000
    X33                1.265      0.000   2812.256      0.000
    X34                1.265      0.000    999.000    999.000

 ETA4     BY
    X41                0.949      0.000   2348.612      0.000
    X42                0.949      0.000   2348.612      0.000
    X43                1.265      0.000   2812.256      0.000
    X44                1.265      0.000    999.000    999.000

 LEVEL    BY
    ETA1               1.000      0.000    999.000    999.000
    ETA2               1.000      0.000    999.000    999.000
    ETA3               1.000      0.000    999.000    999.000
    ETA4               1.000      0.000    999.000    999.000

 SLOPE    BY
    ETA1               0.000      0.000    999.000    999.000
    ETA2               1.000      0.000    999.000    999.000
    ETA3               2.000      0.000    999.000    999.000
    ETA4               3.000      0.000    999.000    999.000

 LEVEL    WITH
    SLOPE              0.040      0.001     60.017      0.000

 Means
    LEVEL              0.000      0.001      0.000      1.000
    SLOPE              0.632      0.000   1344.029      0.000

 Intercepts
    X11                1.100      0.001   1846.536      0.000
    X12                1.100      0.001   1846.536      0.000
    X13                1.500      0.001   2326.895      0.000
    X14                1.500      0.000    999.000    999.000
    X21                1.100      0.001   1846.536      0.000
    X22                1.100      0.001   1846.536      0.000
    X23                1.500      0.001   2326.895      0.000
    X24                1.500      0.000    999.000    999.000
    X31                1.100      0.001   1846.536      0.000
    X32                1.100      0.001   1846.536      0.000
    X33                1.500      0.001   2326.895      0.000
    X34                1.500      0.000    999.000    999.000
    X41                1.100      0.001   1846.536      0.000
    X42                1.100      0.001   1846.536      0.000
    X43                1.500      0.001   2326.895      0.000
    X44                1.500      0.000    999.000    999.000
    ETA1               0.000      0.000    999.000    999.000
    ETA2               0.000      0.000    999.000    999.000
    ETA3               0.000      0.000    999.000    999.000
    ETA4               0.000      0.000    999.000    999.000

 Variances
    LEVEL              0.200      0.002    125.780      0.000
    SLOPE              0.040      0.000     97.161      0.000

 Residual Variances
    X11                0.600      0.001    615.500      0.000
    X12                0.600      0.001    615.500      0.000
    X13                0.400      0.001    451.409      0.000
    X14                0.400      0.001    451.409      0.000
    X21                0.500      0.001    572.141      0.000
    X22                0.500      0.001    572.141      0.000
    X23                0.600      0.001    505.960      0.000
    X24                0.600      0.001    505.960      0.000
    X31                0.700      0.001    583.515      0.000
    X32                0.700      0.001    583.515      0.000
    X33                0.800      0.002    513.484      0.000
    X34                0.800      0.002    513.484      0.000
    X41                0.800      0.001    600.713      0.000
    X42                0.800      0.001    600.713      0.000
    X43                0.700      0.001    486.368      0.000
    X44                0.700      0.001    486.368      0.000
    ETA1               0.800      0.002    400.217      0.000
    ETA2               0.880      0.002    528.487      0.000
    ETA3               0.680      0.002    446.276      0.000
    ETA4               0.600      0.002    288.678      0.000


STANDARDIZED MODEL RESULTS


STDYX Standardization

                                                    Two-Tailed
                    Estimate       S.E.  Est./S.E.    P-Value

 ETA1     BY
    X11                0.775      0.000   2119.856      0.000
    X12                0.775      0.000   2119.856      0.000
    X13                0.894      0.000   3558.628      0.000
    X14                0.894      0.000   3558.630      0.000

 ETA2     BY
    X21                0.827      0.000   2633.292      0.000
    X22                0.827      0.000   2633.292      0.000
    X23                0.873      0.000   3291.874      0.000
    X24                0.873      0.000   3291.875      0.000

 ETA3     BY
    X31                0.779      0.000   2095.261      0.000
    X32                0.779      0.000   2095.261      0.000
    X33                0.840      0.000   2628.959      0.000
    X34                0.840      0.000   2628.959      0.000

 ETA4     BY
    X41                0.782      0.000   2145.430      0.000
    X42                0.782      0.000   2145.430      0.000
    X43                0.873      0.000   3126.583      0.000
    X44                0.873      0.000   3126.584      0.000

 LEVEL    BY
    ETA1               0.447      0.002    256.800      0.000
    ETA2               0.408      0.002    257.530      0.000
    ETA3               0.408      0.002    255.863      0.000
    ETA4               0.378      0.002    244.899      0.000

 SLOPE    BY
    ETA1               0.000      0.000    999.000    999.000
    ETA2               0.183      0.001    193.609      0.000
    ETA3               0.365      0.002    200.044      0.000
    ETA4               0.507      0.003    195.194      0.000

 LEVEL    WITH
    SLOPE              0.447      0.011     41.405      0.000

 Means
    LEVEL              0.000      0.002      0.000      1.000
    SLOPE              3.162      0.016    192.639      0.000

 Intercepts
    X11                0.898      0.001   1170.633      0.000
    X12                0.898      0.001   1170.633      0.000
    X13                1.061      0.001   1231.720      0.000
    X14                1.061      0.001   1535.654      0.000
    X21                0.875      0.001   1168.122      0.000
    X22                0.875      0.001   1168.122      0.000
    X23                0.945      0.001   1293.049      0.000
    X24                0.945      0.001   1663.305      0.000
    X31                0.824      0.001   1180.762      0.000
    X32                0.824      0.001   1180.762      0.000
    X33                0.910      0.001   1293.514      0.000
    X34                0.910      0.001   1649.730      0.000
    X41                0.766      0.001   1167.549      0.000
    X42                0.766      0.001   1167.549      0.000
    X43                0.875      0.001   1248.780      0.000
    X44                0.875      0.001   1567.331      0.000
    ETA1               0.000      0.000    999.000    999.000
    ETA2               0.000      0.000    999.000    999.000
    ETA3               0.000      0.000    999.000    999.000
    ETA4               0.000      0.000    999.000    999.000

 Variances
    LEVEL              1.000      0.000    999.000    999.000
    SLOPE              1.000      0.000    999.000    999.000

 Residual Variances
    X11                0.400      0.001    706.619      0.000
    X12                0.400      0.001    706.619      0.000
    X13                0.200      0.000    444.829      0.000
    X14                0.200      0.000    444.829      0.000
    X21                0.316      0.001    609.559      0.000
    X22                0.316      0.001    609.559      0.000
    X23                0.238      0.000    514.355      0.000
    X24                0.238      0.000    514.355      0.000
    X31                0.393      0.001    679.021      0.000
    X32                0.393      0.001    679.021      0.000
    X33                0.294      0.001    547.700      0.000
    X34                0.294      0.001    547.700      0.000
    X41                0.388      0.001    681.089      0.000
    X42                0.388      0.001    681.089      0.000
    X43                0.238      0.000    488.528      0.000
    X44                0.238      0.000    488.528      0.000
    ETA1               0.800      0.002    513.606      0.000
    ETA2               0.733      0.001   1019.578      0.000
    ETA3               0.567      0.001    718.842      0.000
    ETA4               0.429      0.001    327.355      0.000


R-SQUARE

    Observed                                        Two-Tailed
    Variable        Estimate       S.E.  Est./S.E.    P-Value

    X11                0.600      0.001   1059.928      0.000
    X12                0.600      0.001   1059.928      0.000
    X13                0.800      0.000   1779.314      0.000
    X14                0.800      0.000   1779.315      0.000
    X21                0.684      0.001   1316.646      0.000
    X22                0.684      0.001   1316.646      0.000
    X23                0.762      0.000   1645.937      0.000
    X24                0.762      0.000   1645.938      0.000
    X31                0.607      0.001   1047.630      0.000
    X32                0.607      0.001   1047.630      0.000
    X33                0.706      0.001   1314.479      0.000
    X34                0.706      0.001   1314.480      0.000
    X41                0.612      0.001   1072.715      0.000
    X42                0.612      0.001   1072.715      0.000
    X43                0.762      0.000   1563.291      0.000
    X44                0.762      0.000   1563.292      0.000

     Latent                                         Two-Tailed
    Variable        Estimate       S.E.  Est./S.E.    P-Value

    ETA1               0.200      0.002    128.400      0.000
    ETA2               0.267      0.001    370.755      0.000
    ETA3               0.433      0.001    549.703      0.000
    ETA4               0.571      0.001    436.472      0.000


QUALITY OF NUMERICAL RESULTS

     Condition Number for the Information Matrix              0.451E-02
       (ratio of smallest to largest eigenvalue)


TECHNICAL 4 OUTPUT


     ESTIMATES DERIVED FROM THE MODEL


           ESTIMATED MEANS FOR THE LATENT VARIABLES
              ETA1          ETA2          ETA3          ETA4          LEVEL
              ________      ________      ________      ________      ________
                0.000         0.632         1.265         1.897         0.000


           ESTIMATED MEANS FOR THE LATENT VARIABLES
              SLOPE
              ________
                0.632


           ESTIMATED COVARIANCE MATRIX FOR THE LATENT VARIABLES
              ETA1          ETA2          ETA3          ETA4          LEVEL
              ________      ________      ________      ________      ________
 ETA1           1.000
 ETA2           0.240         1.200
 ETA3           0.280         0.400         1.200
 ETA4           0.320         0.480         0.640         1.400
 LEVEL          0.200         0.240         0.280         0.320         0.200
 SLOPE          0.040         0.080         0.120         0.160         0.040


           ESTIMATED COVARIANCE MATRIX FOR THE LATENT VARIABLES
              SLOPE
              ________
 SLOPE          0.040


           ESTIMATED CORRELATION MATRIX FOR THE LATENT VARIABLES
              ETA1          ETA2          ETA3          ETA4          LEVEL
              ________      ________      ________      ________      ________
 ETA1           1.000
 ETA2           0.219         1.000
 ETA3           0.256         0.333         1.000
 ETA4           0.270         0.370         0.494         1.000
 LEVEL          0.447         0.490         0.572         0.605         1.000
 SLOPE          0.200         0.365         0.548         0.676         0.447


           ESTIMATED CORRELATION MATRIX FOR THE LATENT VARIABLES
              SLOPE
              ________
 SLOPE          1.000


     ESTIMATES DERIVED FROM THE MODEL


           S.E. FOR ESTIMATED MEANS FOR THE LATENT VARIABLES
              ETA1          ETA2          ETA3          ETA4          LEVEL
              ________      ________      ________      ________      ________
                0.001         0.001         0.001         0.001         0.001


           S.E. FOR ESTIMATED MEANS FOR THE LATENT VARIABLES
              SLOPE
              ________
                0.000


           EST./S.E. FOR ESTIMATED MEANS FOR THE LATENT VARIABLES
              ETA1          ETA2          ETA3          ETA4          LEVEL
              ________      ________      ________      ________      ________
                0.000       782.253      1385.255      1572.006         0.000


           EST./S.E. FOR ESTIMATED MEANS FOR THE LATENT VARIABLES
              SLOPE
              ________
             1344.029


           TWO-TAILED P-VALUE FOR ESTIMATED MEANS FOR THE LATENT VARIABLES
              ETA1          ETA2          ETA3          ETA4          LEVEL
              ________      ________      ________      ________      ________
                1.000         0.000         0.000         0.000         1.000


           TWO-TAILED P-VALUE FOR ESTIMATED MEANS FOR THE LATENT VARIABLES
              SLOPE
              ________
                0.000


           S.E. FOR ESTIMATED COVARIANCE MATRIX FOR THE LATENT VARIABLES
              ETA1          ETA2          ETA3          ETA4          LEVEL
              ________      ________      ________      ________      ________
 ETA1           0.002
 ETA2           0.001         0.002
 ETA3           0.001         0.001         0.002
 ETA4           0.001         0.001         0.002         0.002
 LEVEL          0.002         0.001         0.001         0.001         0.002
 SLOPE          0.001         0.000         0.001         0.001         0.001


           S.E. FOR ESTIMATED COVARIANCE MATRIX FOR THE LATENT VARIABLES
              SLOPE
              ________
 SLOPE          0.000


           EST./S.E. FOR ESTIMATED COVARIANCE MATRIX FOR THE LATENT VARIABLES
              ETA1          ETA2          ETA3          ETA4          LEVEL
              ________      ________      ________      ________      ________
 ETA1         635.943
 ETA2         214.507       670.063
 ETA3         301.285       435.999       636.339
 ETA4         273.996       440.335       415.477       628.112
 LEVEL        125.780       214.507       301.285       273.996       125.780
 SLOPE         60.017       186.560       234.203       194.009        60.017


           EST./S.E. FOR ESTIMATED COVARIANCE MATRIX FOR THE LATENT VARIABLES
              SLOPE
              ________
 SLOPE         97.161


           TWO-TAILED P-VALUE FOR ESTIMATED COVARIANCE MATRIX FOR THE LATENT VARIABLES
              ETA1          ETA2          ETA3          ETA4          LEVEL
              ________      ________      ________      ________      ________
 ETA1           0.000
 ETA2           0.000         0.000
 ETA3           0.000         0.000         0.000
 ETA4           0.000         0.000         0.000         0.000
 LEVEL          0.000         0.000         0.000         0.000         0.000
 SLOPE          0.000         0.000         0.000         0.000         0.000


           TWO-TAILED P-VALUE FOR ESTIMATED COVARIANCE MATRIX FOR THE LATENT VARIABLES
              SLOPE
              ________
 SLOPE          0.000


           S.E. FOR ESTIMATED CORRELATION MATRIX FOR THE LATENT VARIABLES
              ETA1          ETA2          ETA3          ETA4          LEVEL
              ________      ________      ________      ________      ________
 ETA1           0.000
 ETA2           0.001         0.000
 ETA3           0.001         0.001         0.000
 ETA4           0.001         0.001         0.001         0.000
 LEVEL          0.002         0.001         0.002         0.003         0.000
 SLOPE          0.004         0.003         0.002         0.002         0.011


           S.E. FOR ESTIMATED CORRELATION MATRIX FOR THE LATENT VARIABLES
              SLOPE
              ________
 SLOPE          0.000


           EST./S.E. FOR ESTIMATED CORRELATION MATRIX FOR THE LATENT VARIABLES
              ETA1          ETA2          ETA3          ETA4          LEVEL
              ________      ________      ________      ________      ________
 ETA1         999.000
 ETA2         230.967       999.000
 ETA3         336.358       541.981       999.000
 ETA4         303.701       569.158       592.427       999.000
 LEVEL        256.800       633.744       281.398       187.766       999.000
 SLOPE         47.824       119.549       230.007       412.934        41.405


           EST./S.E. FOR ESTIMATED CORRELATION MATRIX FOR THE LATENT VARIABLES
              SLOPE
              ________
 SLOPE        999.000


           TWO-TAILED P-VALUE FOR ESTIMATED CORRELATION MATRIX FOR THE LATENT VARIABLES
              ETA1          ETA2          ETA3          ETA4          LEVEL
              ________      ________      ________      ________      ________
 ETA1           0.000
 ETA2           0.000         0.000
 ETA3           0.000         0.000         0.000
 ETA4           0.000         0.000         0.000         0.000
 LEVEL          0.000         0.000         0.000         0.000         0.000
 SLOPE          0.000         0.000         0.000         0.000         0.000


           TWO-TAILED P-VALUE FOR ESTIMATED CORRELATION MATRIX FOR THE LATENT VARIABLES
              SLOPE
              ________
 SLOPE          0.000


DIAGRAM INFORMATION

  Use View Diagram under the Diagram menu in the Mplus Editor to view the diagram.
  If running Mplus from the Mplus Diagrammer, the diagram opens automatically.

  Diagram output
    c:\users\yang\onedrive - florida state university\_sem submission\revision\marker-8.dgm

     Beginning Time:  09:34:11
        Ending Time:  09:34:11
       Elapsed Time:  00:00:00



MUTHEN & MUTHEN
3463 Stoner Ave.
Los Angeles, CA  90066

Tel: (310) 391-9971
Fax: (310) 391-8971
Web: www.StatModel.com
Support: Support@StatModel.com

Copyright (c) 1998-2019 Muthen & Muthen
