Mplus VERSION 8.4
MUTHEN & MUTHEN
03/01/2020   9:23 AM

INPUT INSTRUCTIONS


    !This is for the Marker-5 approach. x.4 was chosen as the marker variable.
    !The loading and the intercept of this item was fixed at .8 and 0, respectively.
    !"item_level_data.txt" contains means and the covariance matrix shown in Table 1

    DATA: FILE=item_level_data.txt;
    NOBSERVATIONS = 1000000;! this sample size is chosen to approximate population.
    TYPE IS COVARIANCE MEANS;

    VARIABLE:
    names =
          x11 x12 x13 x14
          x21 x22 x23 x24
          x31 x32 x33 x34
          x41 x42 x43 x44;
    USEVARIABLES = ALL;

    Analysis:
      Estimator=ML;

    MODEL:

       eta1 by x11*(lambda1)
               x12(lambda2)
               x13(lambda3)
               x14@.80;
       eta2 by x21*(lambda1)
               x22(lambda2)
               x23(lambda3)
               x24@.80;
       eta3 by x31*(lambda1)
               x32(lambda2)
               x33(lambda3)
               x34@.80;
       eta4 by x41*(lambda1)
               x42(lambda2)
               x43(lambda3)
               x44@.80;

    [x11](tau1);[x21](tau1);[x31](tau1);[x41](tau1);
    [x12](tau2);[x22](tau2);[x32](tau2);[x42](tau2);
    [x13](tau3);[x23](tau3);[x33](tau3);[x43](tau3);
    [x14@0];[x24@0];[x34@0];[x44@0];

    [eta1-eta4@0];

    level by eta1-eta4@1;
    slope by eta1@0 eta2@1 eta3@2 eta4@3;
    [level];[slope];
    level with slope;

    Output: tech4





INPUT READING TERMINATED NORMALLY




SUMMARY OF ANALYSIS

Number of groups                                                 1
Number of observations                                     1000000

Number of dependent variables                                   16
Number of independent variables                                  0
Number of continuous latent variables                            6

Observed dependent variables

  Continuous
   X11         X12         X13         X14         X21         X22
   X23         X24         X31         X32         X33         X34
   X41         X42         X43         X44

Continuous latent variables
   ETA1        ETA2        ETA3        ETA4        LEVEL       SLOPE


Estimator                                                       ML
Information matrix                                        EXPECTED
Maximum number of iterations                                  1000
Convergence criterion                                    0.500D-04
Maximum number of steepest descent iterations                   20

Input data file(s)
  item_level_data.txt

Input data format  FREE



THE MODEL ESTIMATION TERMINATED NORMALLY



MODEL FIT INFORMATION

Number of Free Parameters                       31

Loglikelihood

          H0 Value                   -23423224.993
          H1 Value                   -23423224.993

Information Criteria

          Akaike (AIC)                46846511.986
          Bayesian (BIC)              46846878.267
          Sample-Size Adjusted BIC    46846779.748
            (n* = (n + 2) / 24)

Chi-Square Test of Model Fit

          Value                              0.000
          Degrees of Freedom                   121
          P-Value                           1.0000

RMSEA (Root Mean Square Error Of Approximation)

          Estimate                           0.000
          90 Percent C.I.                    0.000  0.000
          Probability RMSEA <= .05           1.000

CFI/TLI

          CFI                                1.000
          TLI                                1.000

Chi-Square Test of Model Fit for the Baseline Model

          Value                       10276880.768
          Degrees of Freedom                   120
          P-Value                           0.0000

SRMR (Standardized Root Mean Square Residual)

          Value                              0.000



MODEL RESULTS

                                                    Two-Tailed
                    Estimate       S.E.  Est./S.E.    P-Value

 ETA1     BY
    X11                0.600      0.000   2348.613      0.000
    X12                0.600      0.000   2348.612      0.000
    X13                0.800      0.000   2812.258      0.000
    X14                0.800      0.000    999.000    999.000

 ETA2     BY
    X21                0.600      0.000   2348.613      0.000
    X22                0.600      0.000   2348.612      0.000
    X23                0.800      0.000   2812.258      0.000
    X24                0.800      0.000    999.000    999.000

 ETA3     BY
    X31                0.600      0.000   2348.613      0.000
    X32                0.600      0.000   2348.612      0.000
    X33                0.800      0.000   2812.258      0.000
    X34                0.800      0.000    999.000    999.000

 ETA4     BY
    X41                0.600      0.000   2348.613      0.000
    X42                0.600      0.000   2348.612      0.000
    X43                0.800      0.000   2812.258      0.000
    X44                0.800      0.000    999.000    999.000

 LEVEL    BY
    ETA1               1.000      0.000    999.000    999.000
    ETA2               1.000      0.000    999.000    999.000
    ETA3               1.000      0.000    999.000    999.000
    ETA4               1.000      0.000    999.000    999.000

 SLOPE    BY
    ETA1               0.000      0.000    999.000    999.000
    ETA2               1.000      0.000    999.000    999.000
    ETA3               2.000      0.000    999.000    999.000
    ETA4               3.000      0.000    999.000    999.000

 LEVEL    WITH
    SLOPE              0.100      0.002     60.015      0.000

 Means
    LEVEL              1.875      0.002   1238.738      0.000
    SLOPE              1.000      0.001   1344.030      0.000

 Intercepts
    X11               -0.025      0.001    -26.248      0.000
    X12               -0.025      0.001    -26.247      0.000
    X13                0.000      0.001     -0.001      1.000
    X14                0.000      0.000    999.000    999.000
    X21               -0.025      0.001    -26.248      0.000
    X22               -0.025      0.001    -26.247      0.000
    X23                0.000      0.001     -0.001      1.000
    X24                0.000      0.000    999.000    999.000
    X31               -0.025      0.001    -26.248      0.000
    X32               -0.025      0.001    -26.247      0.000
    X33                0.000      0.001     -0.001      1.000
    X34                0.000      0.000    999.000    999.000
    X41               -0.025      0.001    -26.248      0.000
    X42               -0.025      0.001    -26.247      0.000
    X43                0.000      0.001     -0.001      1.000
    X44                0.000      0.000    999.000    999.000
    ETA1               0.000      0.000    999.000    999.000
    ETA2               0.000      0.000    999.000    999.000
    ETA3               0.000      0.000    999.000    999.000
    ETA4               0.000      0.000    999.000    999.000

 Variances
    LEVEL              0.500      0.004    125.781      0.000
    SLOPE              0.100      0.001     97.163      0.000

 Residual Variances
    X11                0.600      0.001    615.501      0.000
    X12                0.600      0.001    615.501      0.000
    X13                0.400      0.001    451.409      0.000
    X14                0.400      0.001    451.408      0.000
    X21                0.500      0.001    572.142      0.000
    X22                0.500      0.001    572.142      0.000
    X23                0.600      0.001    505.960      0.000
    X24                0.600      0.001    505.959      0.000
    X31                0.700      0.001    583.515      0.000
    X32                0.700      0.001    583.515      0.000
    X33                0.800      0.002    513.485      0.000
    X34                0.800      0.002    513.484      0.000
    X41                0.800      0.001    600.712      0.000
    X42                0.800      0.001    600.713      0.000
    X43                0.700      0.001    486.369      0.000
    X44                0.700      0.001    486.367      0.000
    ETA1               2.000      0.005    400.214      0.000
    ETA2               2.200      0.004    528.488      0.000
    ETA3               1.700      0.004    446.276      0.000
    ETA4               1.500      0.005    288.680      0.000


QUALITY OF NUMERICAL RESULTS

     Condition Number for the Information Matrix              0.251E-03
       (ratio of smallest to largest eigenvalue)


TECHNICAL 4 OUTPUT


     ESTIMATES DERIVED FROM THE MODEL


           ESTIMATED MEANS FOR THE LATENT VARIABLES
              ETA1          ETA2          ETA3          ETA4          LEVEL
              ________      ________      ________      ________      ________
                1.875         2.875         3.875         4.875         1.875


           ESTIMATED MEANS FOR THE LATENT VARIABLES
              SLOPE
              ________
                1.000


           ESTIMATED COVARIANCE MATRIX FOR THE LATENT VARIABLES
              ETA1          ETA2          ETA3          ETA4          LEVEL
              ________      ________      ________      ________      ________
 ETA1           2.500
 ETA2           0.600         3.000
 ETA3           0.700         1.000         3.000
 ETA4           0.800         1.200         1.600         3.500
 LEVEL          0.500         0.600         0.700         0.800         0.500
 SLOPE          0.100         0.200         0.300         0.400         0.100


           ESTIMATED COVARIANCE MATRIX FOR THE LATENT VARIABLES
              SLOPE
              ________
 SLOPE          0.100


           ESTIMATED CORRELATION MATRIX FOR THE LATENT VARIABLES
              ETA1          ETA2          ETA3          ETA4          LEVEL
              ________      ________      ________      ________      ________
 ETA1           1.000
 ETA2           0.219         1.000
 ETA3           0.256         0.333         1.000
 ETA4           0.270         0.370         0.494         1.000
 LEVEL          0.447         0.490         0.572         0.605         1.000
 SLOPE          0.200         0.365         0.548         0.676         0.447


           ESTIMATED CORRELATION MATRIX FOR THE LATENT VARIABLES
              SLOPE
              ________
 SLOPE          1.000


     ESTIMATES DERIVED FROM THE MODEL


           S.E. FOR ESTIMATED MEANS FOR THE LATENT VARIABLES
              ETA1          ETA2          ETA3          ETA4          LEVEL
              ________      ________      ________      ________      ________
                0.002         0.001         0.001         0.002         0.002


           S.E. FOR ESTIMATED MEANS FOR THE LATENT VARIABLES
              SLOPE
              ________
                0.001


           EST./S.E. FOR ESTIMATED MEANS FOR THE LATENT VARIABLES
              ETA1          ETA2          ETA3          ETA4          LEVEL
              ________      ________      ________      ________      ________
             1238.738      2248.973      2683.929      2554.507      1238.738


           EST./S.E. FOR ESTIMATED MEANS FOR THE LATENT VARIABLES
              SLOPE
              ________
             1344.030


           TWO-TAILED P-VALUE FOR ESTIMATED MEANS FOR THE LATENT VARIABLES
              ETA1          ETA2          ETA3          ETA4          LEVEL
              ________      ________      ________      ________      ________
                0.000         0.000         0.000         0.000         0.000


           TWO-TAILED P-VALUE FOR ESTIMATED MEANS FOR THE LATENT VARIABLES
              SLOPE
              ________
                0.000


           S.E. FOR ESTIMATED COVARIANCE MATRIX FOR THE LATENT VARIABLES
              ETA1          ETA2          ETA3          ETA4          LEVEL
              ________      ________      ________      ________      ________
 ETA1           0.004
 ETA2           0.003         0.004
 ETA3           0.002         0.002         0.005
 ETA4           0.003         0.003         0.004         0.006
 LEVEL          0.004         0.003         0.002         0.003         0.004
 SLOPE          0.002         0.001         0.001         0.002         0.002


           S.E. FOR ESTIMATED COVARIANCE MATRIX FOR THE LATENT VARIABLES
              SLOPE
              ________
 SLOPE          0.001


           EST./S.E. FOR ESTIMATED COVARIANCE MATRIX FOR THE LATENT VARIABLES
              ETA1          ETA2          ETA3          ETA4          LEVEL
              ________      ________      ________      ________      ________
 ETA1         635.942
 ETA2         214.507       670.063
 ETA3         301.284       435.999       636.339
 ETA4         273.993       440.333       415.476       628.112
 LEVEL        125.781       214.507       301.284       273.993       125.781
 SLOPE         60.015       186.558       234.204       194.010        60.015


           EST./S.E. FOR ESTIMATED COVARIANCE MATRIX FOR THE LATENT VARIABLES
              SLOPE
              ________
 SLOPE         97.163


           TWO-TAILED P-VALUE FOR ESTIMATED COVARIANCE MATRIX FOR THE LATENT VARIABLES
              ETA1          ETA2          ETA3          ETA4          LEVEL
              ________      ________      ________      ________      ________
 ETA1           0.000
 ETA2           0.000         0.000
 ETA3           0.000         0.000         0.000
 ETA4           0.000         0.000         0.000         0.000
 LEVEL          0.000         0.000         0.000         0.000         0.000
 SLOPE          0.000         0.000         0.000         0.000         0.000


           TWO-TAILED P-VALUE FOR ESTIMATED COVARIANCE MATRIX FOR THE LATENT VARIABLES
              SLOPE
              ________
 SLOPE          0.000


           S.E. FOR ESTIMATED CORRELATION MATRIX FOR THE LATENT VARIABLES
              ETA1          ETA2          ETA3          ETA4          LEVEL
              ________      ________      ________      ________      ________
 ETA1           0.000
 ETA2           0.001         0.000
 ETA3           0.001         0.001         0.000
 ETA4           0.001         0.001         0.001         0.000
 LEVEL          0.002         0.001         0.002         0.003         0.000
 SLOPE          0.004         0.003         0.002         0.002         0.011


           S.E. FOR ESTIMATED CORRELATION MATRIX FOR THE LATENT VARIABLES
              SLOPE
              ________
 SLOPE          0.000


           EST./S.E. FOR ESTIMATED CORRELATION MATRIX FOR THE LATENT VARIABLES
              ETA1          ETA2          ETA3          ETA4          LEVEL
              ________      ________      ________      ________      ________
 ETA1         999.000
 ETA2         230.967       999.000
 ETA3         336.357       541.980       999.000
 ETA4         303.698       569.154       592.424       999.000
 LEVEL        256.803       633.742       281.399       187.765       999.000
 SLOPE         47.822       119.550       230.011       412.940        41.404


           EST./S.E. FOR ESTIMATED CORRELATION MATRIX FOR THE LATENT VARIABLES
              SLOPE
              ________
 SLOPE        999.000


           TWO-TAILED P-VALUE FOR ESTIMATED CORRELATION MATRIX FOR THE LATENT VARIABLES
              ETA1          ETA2          ETA3          ETA4          LEVEL
              ________      ________      ________      ________      ________
 ETA1           0.000
 ETA2           0.000         0.000
 ETA3           0.000         0.000         0.000
 ETA4           0.000         0.000         0.000         0.000
 LEVEL          0.000         0.000         0.000         0.000         0.000
 SLOPE          0.000         0.000         0.000         0.000         0.000


           TWO-TAILED P-VALUE FOR ESTIMATED CORRELATION MATRIX FOR THE LATENT VARIABLES
              SLOPE
              ________
 SLOPE          0.000


DIAGRAM INFORMATION

  Use View Diagram under the Diagram menu in the Mplus Editor to view the diagram.
  If running Mplus from the Mplus Diagrammer, the diagram opens automatically.

  Diagram output
    c:\users\yang\onedrive - florida state university\_sem submission\revision\marker-5.dgm

     Beginning Time:  09:23:25
        Ending Time:  09:23:26
       Elapsed Time:  00:00:01



MUTHEN & MUTHEN
3463 Stoner Ave.
Los Angeles, CA  90066

Tel: (310) 391-9971
Fax: (310) 391-8971
Web: www.StatModel.com
Support: Support@StatModel.com

Copyright (c) 1998-2019 Muthen & Muthen
